Arguments: 
  /usr/local/Cellar/node/9.8.0/bin/node /usr/local/bin/yarn run dev

PATH: 
  /Users/luc/.rvm/gems/ruby-2.4.1/bin:/Users/luc/.rvm/gems/ruby-2.4.1@global/bin:/Users/luc/.rvm/rubies/ruby-2.4.1/bin:/usr/local/bin:/usr/bin:/bin:/usr/sbin:/sbin:/Users/luc/.rvm/bin

Yarn version: 
  1.5.1

Node version: 
  9.8.0

Platform: 
  darwin x64

npm manifest: 
  {
    "name": "lucleray.me",
    "version": "0.0.1",
    "description": "",
    "scripts": {
      "dev": "next",
      "build":
        "next build && next export -o docs && cp CNAME docs/ && cp .nojekyll docs/"
    },
    "author": "lucleray",
    "license": "MIT",
    "dependencies": {
      "color": "^2.0.1",
      "next": "^5.0.0",
      "react": "^16.2.0",
      "react-dom": "^16.2.0",
      "styled-components": "^2.4.0"
    },
    "devDependencies": {
      "babel-plugin-styled-components": "^1.5.1"
    },
    "babel": {
      "presets": ["next/babel"],
      "plugins": [
        [
          "styled-components",
          {
            "ssr": true,
            "displayName": true,
            "preprocess": false
          }
        ]
      ]
    }
  }

yarn manifest: 
  No manifest

Lockfile: 
  No lockfile

Trace: 
  Error: Command failed.
  Exit code: 1
  Command: sh
  Arguments: -c next
  Directory: /Users/luc/w/lucleray.me
  Output:
  
      at ProcessTermError.MessageError (/usr/local/lib/node_modules/yarn/lib/cli.js:186:110)
      at new ProcessTermError (/usr/local/lib/node_modules/yarn/lib/cli.js:226:113)
      at ChildProcess.<anonymous> (/usr/local/lib/node_modules/yarn/lib/cli.js:30281:17)
      at ChildProcess.emit (events.js:180:13)
      at maybeClose (internal/child_process.js:936:16)
      at Process.ChildProcess._handle.onexit (internal/child_process.js:220:5)
